0 info it worked if it ends with ok
1 verbose cli [ 'node', '/usr/local/bin/npm', 'publish' ]
2 info using npm@2.10.1
3 info using node@v0.12.4
4 verbose publish [ '.' ]
5 silly cache add args [ '.', null ]
6 verbose cache add spec .
7 silly cache add parsed spec { raw: '.',
7 silly cache add   scope: null,
7 silly cache add   name: null,
7 silly cache add   rawSpec: '.',
7 silly cache add   spec: '/Users/leszkasp/repos/showOnScroll',
7 silly cache add   type: 'directory' }
8 verbose addLocalDirectory /Users/leszkasp/.npm/showonscroll/0.1.0/package.tgz not in flight; packing
9 verbose tar pack [ '/Users/leszkasp/.npm/showonscroll/0.1.0/package.tgz',
9 verbose tar pack   '/Users/leszkasp/repos/showOnScroll' ]
10 verbose tarball /Users/leszkasp/.npm/showonscroll/0.1.0/package.tgz
11 verbose folder /Users/leszkasp/repos/showOnScroll
12 info prepublish showonscroll@0.1.0
13 verbose addLocalTarball adding from inside cache /Users/leszkasp/.npm/showonscroll/0.1.0/package.tgz
14 silly cache afterAdd showonscroll@0.1.0
15 verbose afterAdd /Users/leszkasp/.npm/showonscroll/0.1.0/package/package.json not in flight; writing
16 verbose afterAdd /Users/leszkasp/.npm/showonscroll/0.1.0/package/package.json written
17 silly publish { name: 'showonscroll',
17 silly publish   version: '0.1.0',
17 silly publish   description: 'A client side module using jQuery to initially hide selected elements and then reveal them when scrolled over. Multiple different elements can be passed. Using CSS transitions that can be modified from the module\'s settings. Use with Browserify for client side.',
17 silly publish   main: 'index.js',
17 silly publish   scripts: { test: 'echo \'Tests are handled in the browser - please go to test/index.html\'' },
17 silly publish   repository:
17 silly publish    { type: 'git',
17 silly publish      url: 'git+https://github.com/lesz3k/showOnScroll.git' },
17 silly publish   keywords: [ 'show', 'reveal', 'scroll', 'jquery-plugin', 'ecosystem:jquery' ],
17 silly publish   author:
17 silly publish    { name: 'Leszek Kasperczyk',
17 silly publish      email: 'leszek.kasperczyk@gmail.com',
17 silly publish      url: 'http://frontend-developer.com' },
17 silly publish   licenses:
17 silly publish    [ { type: 'MIT',
17 silly publish        url: 'https://github.com/brentertz/scapegoat/blob/master/LICENSE-MIT' } ],
17 silly publish   bugs: { url: 'https://github.com/lesz3k/showOnScroll/issues' },
17 silly publish   homepage: 'https://github.com/lesz3k/showOnScroll#readme',
17 silly publish   devDependencies:
17 silly publish    { chai: '^3.0.0',
17 silly publish      jquery: '^2.1.4',
17 silly publish      mocha: '^2.2.5',
17 silly publish      requirejs: '^2.1.18' },
17 silly publish   readme: 'ShowOnScroll \n============\n\nA client side module using jQuery to initially hide selected elements and then reveal them when scrolled over. \nMultiple different elements can be passed.\nUsing CSS transitions that can be modified from the module\'s settings.\nUse with Browserify for client side.\n\n## Installation\n\n```shell\n  npm install showonscroll --save\n```\n\n## Usage\n\n```js\n  var showonscroll = require(\'showonscroll\'),\n      showscroll = new showonscroll;\n      //set the transition options:\n      showscroll.transition.delay = \'0.5s\'; //default is \'0\'\n      showscroll.transition.duration = \'1s\'; //default is \'0.5s\'\n      showscroll.transition.timing = \'ease\'; //default is \'linear\'\n\n  var elems = $(\'.elems\'),\n      other = $(\'.something-else\'),\n      third = $(\'.third-elem\');\n\n  showscroll.run(elems, other, third);\n```\n\n## Tests\n\nTests are handled in the browser - please go to test/index.html.\n\n## Release History\n\n* 0.1.0 Initial release',
17 silly publish   readmeFilename: 'README.md',
17 silly publish   gitHead: '8ee7b5740043e5b937438b228afde05fde7f9d03',
17 silly publish   _id: 'showonscroll@0.1.0',
17 silly publish   _shasum: '49568291c7f11372fbfbaef0353dfbd2402ee365',
17 silly publish   _from: '.' }
18 verbose getPublishConfig undefined
19 silly mapToRegistry name showonscroll
20 silly mapToRegistry using default registry
21 silly mapToRegistry registry https://registry.npmjs.org/
22 silly mapToRegistry uri https://registry.npmjs.org/showonscroll
23 verbose publish registryBase https://registry.npmjs.org/
24 silly publish uploading /Users/leszkasp/.npm/showonscroll/0.1.0/package.tgz
25 verbose request uri https://registry.npmjs.org/showonscroll
26 verbose request sending authorization for write operation
27 info attempt registry request try #1 at 12:39:53 PM
28 verbose request using bearer token for auth
29 verbose request id a537a438e36d102f
30 http request PUT https://registry.npmjs.org/showonscroll
31 http 403 https://registry.npmjs.org/showonscroll
32 verbose headers { 'content-type': 'application/json',
32 verbose headers   'cache-control': 'max-age=60',
32 verbose headers   'content-length': '95',
32 verbose headers   'accept-ranges': 'bytes',
32 verbose headers   date: 'Fri, 19 Jun 2015 11:39:55 GMT',
32 verbose headers   via: '1.1 varnish',
32 verbose headers   connection: 'keep-alive',
32 verbose headers   'x-served-by': 'cache-lcy1126-LCY',
32 verbose headers   'x-cache': 'MISS',
32 verbose headers   'x-cache-hits': '0',
32 verbose headers   'x-timer': 'S1434713994.575009,VS0,VE676' }
33 verbose request invalidating /Users/leszkasp/.npm/registry.npmjs.org/showonscroll on PUT
34 error publish Failed PUT 403
35 verbose stack Error: "You cannot publish over the previously published version 0.1.0." : showonscroll
35 verbose stack     at CachingRegistryClient.<anonymous> (/usr/local/lib/node_modules/npm/node_modules/npm-registry-client/lib/request.js:247:14)
35 verbose stack     at Request._callback (/usr/local/lib/node_modules/npm/node_modules/npm-registry-client/lib/request.js:170:14)
35 verbose stack     at Request.self.callback (/usr/local/lib/node_modules/npm/node_modules/request/request.js:368:22)
35 verbose stack     at Request.emit (events.js:110:17)
35 verbose stack     at Request.<anonymous> (/usr/local/lib/node_modules/npm/node_modules/request/request.js:1219:14)
35 verbose stack     at Request.emit (events.js:129:20)
35 verbose stack     at IncomingMessage.<anonymous> (/usr/local/lib/node_modules/npm/node_modules/request/request.js:1167:12)
35 verbose stack     at IncomingMessage.emit (events.js:129:20)
35 verbose stack     at _stream_readable.js:908:16
35 verbose stack     at process._tickCallback (node.js:355:11)
36 verbose statusCode 403
37 verbose pkgid showonscroll
38 verbose cwd /Users/leszkasp/repos/showOnScroll
39 error Darwin 14.1.0
40 error argv "node" "/usr/local/bin/npm" "publish"
41 error node v0.12.4
42 error npm  v2.10.1
43 error code E403
44 error "You cannot publish over the previously published version 0.1.0." : showonscroll
45 error If you need help, you may report this error at:
45 error     <https://github.com/npm/npm/issues>
46 verbose exit [ 1, true ]
